[13:47:34] [main/INFO]: Loading Minecraft 1.19 with Fabric Loader 0.16.9
[13:47:35] [main/INFO]: Loading 54 mods:
	- appleskin 2.4.1+mc1.19
	   \-- cloth-config 7.0.65
	        \-- cloth-basic-math 0.6.1
	- carpet 1.4.79
	- carpet-tis-addition 1.38.0
	   |-- conditional-mixin 0.3.1
	   \-- org_yaml_snakeyaml 1.30
	- fabric 0.58.0+1.19
	   |-- fabric-api-base 0.4.9+e62f51a3a9
	   |-- fabric-api-lookup-api-v1 1.6.7+9ff28f40a9
	   |-- fabric-biome-api-v1 9.0.14+b2a4a624a9
	   |-- fabric-blockrenderlayer-v1 1.1.18+9ff28f40a9
	   |-- fabric-command-api-v1 1.2.6+f71b366fa9
	   |-- fabric-command-api-v2 2.1.2+0d55f585a9
	   |-- fabric-commands-v0 0.2.23+df3654b3a9
	   |-- fabric-containers-v0 0.1.28+df3654b3a9
	   |-- fabric-content-registries-v0 3.2.1+07df213ea9
	   |-- fabric-convention-tags-v1 1.0.8+37622d24a9
	   |-- fabric-crash-report-info-v1 0.2.3+bd0a0d4aa9
	   |-- fabric-data-generation-api-v1 5.1.2+a680b9b4a9
	   |-- fabric-dimensions-v1 2.1.28+a6d2f785a9
	   |-- fabric-entity-events-v1 1.4.16+9ff28f40a9
	   |-- fabric-events-interaction-v0 0.4.26+9ff28f40a9
	   |-- fabric-events-lifecycle-v0 0.2.26+df3654b3a9
	   |-- fabric-game-rule-api-v1 1.0.19+18990361a9
	   |-- fabric-item-api-v1 1.5.5+35a03c43a9
	   |-- fabric-item-groups-v0 0.3.26+9ff28f40a9
	   |-- fabric-key-binding-api-v1 1.0.18+9ff28f40a9
	   |-- fabric-keybindings-v0 0.2.16+df3654b3a9
	   |-- fabric-lifecycle-events-v1 2.1.0+33fbc738a9
	   |-- fabric-loot-api-v2 1.1.1+03a4e568a9
	   |-- fabric-loot-tables-v1 1.1.4+9e7660c6a9
	   |-- fabric-message-api-v1 1.0.1+513f4a59a9
	   |-- fabric-mining-level-api-v1 2.1.11+33fbc738a9
	   |-- fabric-models-v0 0.3.15+9ff28f40a9
	   |-- fabric-networking-api-v1 1.1.0+442de8b8a9
	   |-- fabric-networking-v0 0.3.15+df3654b3a9
	   |-- fabric-object-builder-api-v1 4.0.8+9ff28f40a9
	   |-- fabric-particles-v1 1.0.8+dc39553aa9
	   |-- fabric-registry-sync-v0 0.9.18+23c4cfefa9
	   |-- fabric-renderer-api-v1 1.0.8+9ff28f40a9
	   |-- fabric-renderer-indigo 0.6.10+5187d39fa9
	   |-- fabric-renderer-registries-v1 3.2.18+df3654b3a9
	   |-- fabric-rendering-data-attachment-v1 0.3.12+9ff28f40a9
	   |-- fabric-rendering-fluids-v1 3.0.5+9ff28f40a9
	   |-- fabric-rendering-v0 1.1.20+df3654b3a9
	   |-- fabric-rendering-v1 1.10.14+9ff28f40a9
	   |-- fabric-resource-conditions-api-v1 2.0.9+e62f51a3a9
	   |-- fabric-resource-loader-v0 0.5.6+5f1a85e0a9
	   |-- fabric-screen-api-v1 1.0.24+f05effafa9
	   |-- fabric-screen-handler-api-v1 1.2.7+9ff28f40a9
	   |-- fabric-textures-v0 1.0.18+9ff28f40a9
	   |-- fabric-transfer-api-v1 2.0.9+e62f51a3a9
	   \-- fabric-transitive-access-wideners-v1 1.1.1+9e7660c6a9
	- fabricloader 0.16.9
	   \-- mixinextras 0.4.1
	- gca 2.4.0-1.19
	- java 23
	- jei 11.1.1.239
	- lithium 0.8.1
	- magiclib 0.5.32
	   \-- magiclib-1_19 0.5.32
	- minecraft 1.19
	- xaerominimap 22.12.0
	- xaeroworldmap 1.26.1
[13:47:35] [main/INFO]: SpongePowered MIXIN Subsystem Version=0.8.7 Source=file:/D:/games/MinecraftServers/1.19fabric/libraries/net/fabricmc/sponge-mixin/0.15.4+mixin.0.8.7/sponge-mixin-0.15.4+mixin.0.8.7.jar Service=Knot/Fabric Env=SERVER
[13:47:35] [main/INFO]: Compatibility level set to JAVA_17
[13:47:35] [main/INFO]: Loaded configuration file for Lithium: 94 options available, 0 override(s) found
[13:47:36] [main/INFO]: Initializing MixinExtras via com.llamalad7.mixinextras.service.MixinExtrasServiceImpl(version=0.4.1).
[13:47:40] [main/INFO]: Building unoptimized datafixer
[13:47:42] [main/INFO]: [MagicLib for 1.19]: Mod initialized - Version: 0.5.32
[13:47:42] [main/INFO]: Loading Xaero's Minimap - Stage 1/2 (Server)
[13:47:42] [main/INFO]: Loading Xaero's World Map - Stage 1/2 (Server)
[13:47:42] [main/ERROR]: Failed to start the minecraft server
java.lang.RuntimeException: Could not execute entrypoint stage 'server' due to errors, provided by 'carpet' at 'carpet.CarpetServer::onGameStarted'!
	at net.fabricmc.loader.impl.FabricLoaderImpl.lambda$invokeEntrypoints$2(FabricLoaderImpl.java:403) ~[fabric-loader-0.16.9.jar:?]
	at net.fabricmc.loader.impl.util.ExceptionUtil.gatherExceptions(ExceptionUtil.java:33) ~[fabric-loader-0.16.9.jar:?]
	at net.fabricmc.loader.impl.FabricLoaderImpl.invokeEntrypoints(FabricLoaderImpl.java:401) ~[fabric-loader-0.16.9.jar:?]
	at net.fabricmc.loader.impl.game.minecraft.Hooks.startServer(Hooks.java:64) ~[fabric-loader-0.16.9.jar:?]
	at net.minecraft.server.Main.main(Main.java:101) [server-intermediary.jar:?]
	at net.fabricmc.loader.impl.game.minecraft.MinecraftGameProvider.launch(MinecraftGameProvider.java:480) [fabric-loader-0.16.9.jar:?]
	at net.fabricmc.loader.impl.launch.knot.Knot.launch(Knot.java:74) [fabric-loader-0.16.9.jar:?]
	at net.fabricmc.loader.impl.launch.knot.KnotServer.main(KnotServer.java:23) [fabric-loader-0.16.9.jar:?]
	at net.fabricmc.loader.impl.launch.server.FabricServerLauncher.main(FabricServerLauncher.java:69) [fabric-loader-0.16.9.jar:?]
	at net.fabricmc.installer.ServerLauncher.main(ServerLauncher.java:69) [fabric-server-mc.1.19-loader.0.16.9-launcher.1.0.1.jar:1.0.1]
Caused by: java.lang.NoClassDefFoundError: net/fabricmc/mapping/reader/v2/TinyVisitor
	at carpettisaddition.CarpetTISAdditionServer.onGameStartedPre(CarpetTISAdditionServer.java:75) ~[carpet-tis-addition-mc1.19-v1.38.0.jar:?]
	at carpet.CarpetServer.handler$zie000$carpet-tis-addition$onGameStartedPreHook$TISCM(CarpetServer.java:520) ~[%5B地毯%5D%20fabric-carpet-1.19-1.4.79+v220607.jar:?]
	at carpet.CarpetServer.onGameStarted(CarpetServer.java) ~[%5B地毯%5D%20fabric-carpet-1.19-1.4.79+v220607.jar:?]
	at net.fabricmc.loader.impl.FabricLoaderImpl.invokeEntrypoints(FabricLoaderImpl.java:399) ~[fabric-loader-0.16.9.jar:?]
	... 7 more
Caused by: java.lang.ClassNotFoundException: net.fabricmc.mapping.reader.v2.TinyVisitor
	at jdk.internal.loader.BuiltinClassLoader.loadClass(BuiltinClassLoader.java:641) ~[?:?]
	at java.lang.ClassLoader.loadClass(ClassLoader.java:528) ~[?:?]
	at net.fabricmc.loader.impl.launch.knot.KnotClassDelegate.loadClass(KnotClassDelegate.java:226) ~[fabric-loader-0.16.9.jar:?]
	at net.fabricmc.loader.impl.launch.knot.KnotClassLoader.loadClass(KnotClassLoader.java:119) ~[fabric-loader-0.16.9.jar:?]
	at java.lang.ClassLoader.loadClass(ClassLoader.java:528) ~[?:?]
	at carpettisaddition.CarpetTISAdditionServer.onGameStartedPre(CarpetTISAdditionServer.java:75) ~[carpet-tis-addition-mc1.19-v1.38.0.jar:?]
	at carpet.CarpetServer.handler$zie000$carpet-tis-addition$onGameStartedPreHook$TISCM(CarpetServer.java:520) ~[%5B地毯%5D%20fabric-carpet-1.19-1.4.79+v220607.jar:?]
	at carpet.CarpetServer.onGameStarted(CarpetServer.java) ~[%5B地毯%5D%20fabric-carpet-1.19-1.4.79+v220607.jar:?]
	at net.fabricmc.loader.impl.FabricLoaderImpl.invokeEntrypoints(FabricLoaderImpl.java:399) ~[fabric-loader-0.16.9.jar:?]
	... 7 more
