[09:09:37] [main/INFO]: Loading Minecraft 1.21 with Fabric Loader 0.16.9
[09:09:37] [ForkJoinPool-1-worker-5/WARN]: Mod gca uses the version mc1.21-2.9.0+build.61 which isn't compatible with Loader's extended semantic version format (Could not parse version number component 'mc1'!), SemVer is recommended for reliably evaluating dependencies and prioritizing newer version
[09:09:37] [main/INFO]: Loading 57 mods:
	- appleskin 3.0.6+mc1.21
	   \-- cloth-config 15.0.127
	        \-- cloth-basic-math 0.6.1
	- carpet 1.4.147+v240613
	- carpet-tis-addition 1.64.0
	   \-- conditional-mixin 0.6.3
	- fabric-api 0.102.0+1.21
	   |-- fabric-api-base 0.4.42+6573ed8cd1
	   |-- fabric-api-lookup-api-v1 1.6.68+b5597344d1
	   |-- fabric-biome-api-v1 13.0.29+5bd9f1bcd1
	   |-- fabric-block-api-v1 1.0.22+0af3f5a7d1
	   |-- fabric-block-view-api-v2 1.0.10+6573ed8cd1
	   |-- fabric-blockrenderlayer-v1 1.1.52+0af3f5a7d1
	   |-- fabric-client-tags-api-v1 1.1.15+6573ed8cd1
	   |-- fabric-command-api-v1 1.2.49+f71b366fd1
	   |-- fabric-command-api-v2 2.2.28+6ced4dd9d1
	   |-- fabric-commands-v0 0.2.66+df3654b3d1
	   |-- fabric-content-registries-v0 8.0.16+b5597344d1
	   |-- fabric-convention-tags-v1 2.0.19+7f945d5bd1
	   |-- fabric-convention-tags-v2 2.5.0+c5e2b5c6d1
	   |-- fabric-crash-report-info-v1 0.2.29+0af3f5a7d1
	   |-- fabric-data-attachment-api-v1 1.1.27+6a6dfa19d1
	   |-- fabric-data-generation-api-v1 20.2.16+16c4ae25d1
	   |-- fabric-dimensions-v1 4.0.0+6fc22b99d1
	   |-- fabric-entity-events-v1 1.6.12+6fc22b99d1
	   |-- fabric-events-interaction-v0 0.7.12+ba9dae06d1
	   |-- fabric-game-rule-api-v1 1.0.53+6ced4dd9d1
	   |-- fabric-item-api-v1 11.0.0+afdfc921d1
	   |-- fabric-item-group-api-v1 4.1.4+78017270d1
	   |-- fabric-key-binding-api-v1 1.0.47+0af3f5a7d1
	   |-- fabric-keybindings-v0 0.2.45+df3654b3d1
	   |-- fabric-lifecycle-events-v1 2.3.12+6c1df360d1
	   |-- fabric-loot-api-v2 3.0.14+3f89f5a5d1
	   |-- fabric-loot-api-v3 1.0.2+3f89f5a5d1
	   |-- fabric-message-api-v1 6.0.13+6573ed8cd1
	   |-- fabric-model-loading-api-v1 2.0.0+fe474d6bd1
	   |-- fabric-networking-api-v1 4.2.2+60c3209bd1
	   |-- fabric-object-builder-api-v1 15.2.0+a551f7a4d1
	   |-- fabric-particles-v1 4.0.2+6573ed8cd1
	   |-- fabric-recipe-api-v1 5.0.12+65089712d1
	   |-- fabric-registry-sync-v0 5.1.2+60c3209bd1
	   |-- fabric-renderer-api-v1 3.4.0+c705a49cd1
	   |-- fabric-renderer-indigo 1.7.0+c705a49cd1
	   |-- fabric-renderer-registries-v1 3.2.68+df3654b3d1
	   |-- fabric-rendering-data-attachment-v1 0.3.48+73761d2ed1
	   |-- fabric-rendering-fluids-v1 3.1.6+b5597344d1
	   |-- fabric-rendering-v0 1.1.71+df3654b3d1
	   |-- fabric-rendering-v1 5.0.5+df16efd0d1
	   |-- fabric-resource-conditions-api-v1 4.3.0+8dc279b1d1
	   |-- fabric-resource-loader-v0 1.3.0+56599129d1
	   |-- fabric-screen-api-v1 2.0.24+b5597344d1
	   |-- fabric-screen-handler-api-v1 1.3.86+b5597344d1
	   |-- fabric-sound-api-v1 1.0.23+6573ed8cd1
	   |-- fabric-transfer-api-v1 5.1.16+3dccd343d1
	   \-- fabric-transitive-access-wideners-v1 6.1.0+176f9036d1
	- fabricloader 0.16.9
	   \-- mixinextras 0.4.1
	- gca mc1.21-2.9.0+build.61
	- java 23
	- jei 19.8.2.99
	- lithium 0.13.1
	- magiclib 0.8.585+07e9d29-stable
	   |-- magiclib-1_21 0.8.24+ab878d3-stable
	   |-- magiclib_core 0.8.116+ab878d3-stable
	   \-- magiclib_minecraft_api 0.6.62+07e9d29-stable
	- minecraft 1.21
	- placeholder-api 2.4.1+1.21
	- xaerominimap 24.6.1
	- xaeroworldmap 1.39.0
[09:09:37] [main/INFO]: SpongePowered MIXIN Subsystem Version=0.8.7 Source=file:/D:/games/MinecraftServers/1.21fabric/libraries/net/fabricmc/sponge-mixin/0.15.4+mixin.0.8.7/sponge-mixin-0.15.4+mixin.0.8.7.jar Service=Knot/Fabric Env=SERVER
[09:09:37] [main/INFO]: Compatibility level set to JAVA_21
[09:09:37] [main/INFO]: Loaded configuration file for Lithium: 144 options available, 0 override(s) found
[09:09:39] [main/INFO]: Initializing MixinExtras via com.llamalad7.mixinextras.service.MixinExtrasServiceImpl(version=0.4.1).
[09:09:45] [TISCM Mapping/INFO]: Yarn mapping file yarn-1.21+build.9-v2.tiny loaded
[09:09:45] [main/INFO]: Loading Xaero's Minimap - Stage 1/2 (Server)
[09:09:45] [main/INFO]: Loading Xaero's World Map - Stage 1/2 (Server)
[09:09:46] [main/INFO]: Environment: Environment[sessionHost=https://sessionserver.mojang.com, servicesHost=https://api.minecraftservices.com, name=PROD]
[09:09:47] [main/INFO]: Loaded 1290 recipes
[09:09:47] [main/INFO]: Loaded 1399 advancements
[09:09:48] [main/INFO]: Applied 0 biome modifications to 0 of 64 new biomes in 1.311 ms
[09:09:48] [Server thread/INFO]: Starting minecraft server version 1.21
[09:09:48] [Server thread/INFO]: Loading properties
[09:09:48] [Server thread/INFO]: Default game type: SURVIVAL
[09:09:48] [Server thread/INFO]: Generating keypair
[09:09:48] [Server thread/INFO]: Starting Minecraft server on *:25565
[09:09:48] [Server thread/INFO]: Using default channel type
[09:09:48] [Server thread/INFO]: Preparing level "world"
[09:09:48] [Server thread/INFO]: [CM] Loaded 8 settings from carpet.conf
[09:09:49] [Server thread/INFO]: Preparing start region for dimension minecraft:overworld
[09:09:49] [Worker-Main-3/INFO]: Preparing spawn area: 0%
[09:09:49] [Server thread/INFO]: Time elapsed: 735 ms
[09:09:49] [Server thread/INFO]: Done (1.630s)! For help, type "help"
[09:09:49] [Server thread/INFO]: Loading Xaero's Minimap - Stage 2/2 (Server)
[09:09:49] [Server thread/INFO]: Loading Xaero's World Map - Stage 2/2 (Server)
[09:09:51] [Server thread/INFO]: 2[local] logged in with entity id 129 at (288.966187309738, 121.0, -1197.300000011921)
[09:09:51] [Server thread/INFO]: 2 joined the game
[09:09:51] [Server thread/INFO]: 1[local] logged in with entity id 130 at (41.325188014304615, 128.0, -154.53359294095372)
[09:09:51] [Server thread/INFO]: 1 joined the game
[09:09:51] [Server thread/INFO]: GanZhe[local] logged in with entity id 131 at (-519.6999999880791, 63.0, -691.3000000119209)
[09:09:51] [Server thread/INFO]: GanZhe joined the game
[09:16:02] [User Authenticator #1/INFO]: UUID of player the_Tilapia is 6789c971-62b0-4ab8-adfb-9ec42ab8338a
[09:16:02] [Server thread/INFO]: the_Tilapia[/127.0.0.1:52433] logged in with entity id 18017 at (233.1027328996262, 121.0, -1198.230080822222)
[09:16:03] [Server thread/INFO]: the_Tilapia joined the game
[09:16:05] [Server thread/INFO]: Player the_Tilapia joined with a matching carpet client
[09:41:35] [Server thread/WARN]: Can't keep up! Is the server overloaded? Running 2021ms or 40 ticks behind
[09:42:11] [Server thread/WARN]: Can't keep up! Is the server overloaded? Running 2000ms or 40 ticks behind
[09:42:42] [Server thread/WARN]: Can't keep up! Is the server overloaded? Running 2002ms or 40 ticks behind
[09:43:08] [Server thread/WARN]: Can't keep up! Is the server overloaded? Running 2004ms or 40 ticks behind
[09:44:26] [Server thread/WARN]: Can't keep up! Is the server overloaded? Running 2005ms or 40 ticks behind
[09:44:48] [Server thread/WARN]: Can't keep up! Is the server overloaded? Running 2006ms or 40 ticks behind
[09:45:38] [Server thread/WARN]: Can't keep up! Is the server overloaded? Running 2005ms or 40 ticks behind
[09:46:02] [Server thread/WARN]: Can't keep up! Is the server overloaded? Running 2025ms or 40 ticks behind
[09:48:46] [Server thread/WARN]: Can't keep up! Is the server overloaded? Running 2000ms or 40 ticks behind
[09:49:06] [Server thread/WARN]: Can't keep up! Is the server overloaded? Running 2018ms or 40 ticks behind
[09:49:36] [Server thread/WARN]: Can't keep up! Is the server overloaded? Running 2016ms or 40 ticks behind
[09:52:58] [Server thread/INFO]: [the_Tilapia: Set the time to 1000]
[10:04:24] [Server thread/INFO]: Bee[local] logged in with entity id 199277 at (-438.69999998807907, 63.0, -665.6999999880791)
[10:04:24] [Server thread/INFO]: Bee joined the game
[10:05:25] [Server thread/INFO]: [the_Tilapia: Set the time to 1000]
[10:12:15] [Server thread/INFO]: [the_Tilapia: Teleported the_Tilapia to -733.500000, 16.500000, -1301.500000]
[11:07:16] [Server thread/INFO]: [the_Tilapia: Teleported the_Tilapia to 104.890000, 39.000000, 1.510000]
[11:13:49] [Server thread/INFO]: [the_Tilapia: Teleported the_Tilapia to 99.360000, 39.000000, 6.380000]
[11:14:41] [Server thread/INFO]: [the_Tilapia: Teleported the_Tilapia to 99.360000, 39.000000, 6.380000]
[11:16:12] [Server thread/INFO]: [the_Tilapia: Teleported the_Tilapia to 99.360000, 39.000000, 6.380000]
[12:10:24] [Server thread/INFO]: [the_Tilapia: Teleported the_Tilapia to -449.500000, 63.500000, -711.500000]
[12:10:36] [Server thread/INFO]: [the_Tilapia: Teleported the_Tilapia to -733.500000, 16.500000, -1301.500000]
[12:10:36] [Server thread/WARN]: the_Tilapia moved too quickly! -263.0757789835852,-46.5,-596.4591065386155
[12:21:26] [Server thread/INFO]: [the_Tilapia: Teleported the_Tilapia to 103.280000, 45.000000, 0.700000]
[12:22:49] [Server thread/INFO]: [the_Tilapia: Teleported the_Tilapia to -449.500000, 63.500000, -711.500000]
[12:23:27] [Server thread/INFO]: [the_Tilapia: Teleported the_Tilapia to -733.500000, 16.500000, -1301.500000]
[12:27:18] [Server thread/INFO]: [the_Tilapia: Teleported the_Tilapia to 100.100000, 44.000000, -2.440000]
[12:33:31] [Server thread/INFO]: [the_Tilapia: Teleported the_Tilapia to 100.100000, 44.000000, -2.440000]
[12:34:21] [Server thread/INFO]: [the_Tilapia: Teleported the_Tilapia to 100.100000, 44.000000, -2.440000]
[12:34:45] [Server thread/INFO]: [the_Tilapia: Teleported the_Tilapia to -449.500000, 63.500000, -711.500000]
[12:36:05] [Server thread/INFO]: [the_Tilapia: Teleported the_Tilapia to -733.500000, 16.500000, -1301.500000]
[12:40:27] [Server thread/INFO]: [the_Tilapia: Gave 1 [Birch Wood] to the_Tilapia]
[12:45:08] [Server thread/INFO]: the_Tilapia lost connection: Disconnected
[12:45:08] [Server thread/INFO]: the_Tilapia left the game
[12:45:12] [Server thread/INFO]: Stopping the server
[12:45:12] [Server thread/INFO]: Stopping server
[12:45:12] [Server thread/INFO]: Saving players
[12:45:12] [Server thread/INFO]: Saving worlds
[12:45:13] [Server thread/INFO]: Saving chunks for level 'ServerLevel[world]'/minecraft:overworld
[12:45:13] [Server thread/INFO]: Saving chunks for level 'ServerLevel[world]'/minecraft:the_nether
[12:45:13] [Server thread/INFO]: Saving chunks for level 'ServerLevel[world]'/minecraft:the_end
[12:45:13] [Server thread/INFO]: ThreadedAnvilChunkStorage (world): All chunks are saved
[12:45:13] [Server thread/INFO]: ThreadedAnvilChunkStorage (DIM-1): All chunks are saved
[12:45:13] [Server thread/INFO]: ThreadedAnvilChunkStorage (DIM1): All chunks are saved
[12:45:13] [Server thread/INFO]: ThreadedAnvilChunkStorage: All dimensions are saved
